ARM GAS  /tmp/ccLhiQi8.s 			page 1


   1              		.cpu arm7tdmi
   2              		.eabi_attribute 20, 1
   3              		.eabi_attribute 21, 1
   4              		.eabi_attribute 23, 3
   5              		.eabi_attribute 24, 1
   6              		.eabi_attribute 25, 1
   7              		.eabi_attribute 26, 1
   8              		.eabi_attribute 30, 1
   9              		.eabi_attribute 34, 0
  10              		.eabi_attribute 18, 4
  11              		.file	"syscalls.c"
  12              		.text
  13              	.Ltext0:
  14              		.cfi_sections	.debug_frame
  15              		.section	.text.initialise_monitor_handles,"ax",%progbits
  16              		.align	1
  17              		.global	initialise_monitor_handles
  18              		.arch armv4t
  19              		.syntax unified
  20              		.code	16
  21              		.thumb_func
  22              		.fpu softvfp
  24              	initialise_monitor_handles:
  25              	.LFB25:
  26              		.file 1 "Core/Src/syscalls.c"
   1:Core/Src/syscalls.c **** /**
   2:Core/Src/syscalls.c ****  ******************************************************************************
   3:Core/Src/syscalls.c ****  * @file      syscalls.c
   4:Core/Src/syscalls.c ****  * @author    Auto-generated by STM32CubeIDE
   5:Core/Src/syscalls.c ****  * @brief     STM32CubeIDE Minimal System calls file
   6:Core/Src/syscalls.c ****  *
   7:Core/Src/syscalls.c ****  *            For more information about which c-functions
   8:Core/Src/syscalls.c ****  *            need which of these lowlevel functions
   9:Core/Src/syscalls.c ****  *            please consult the Newlib libc-manual
  10:Core/Src/syscalls.c ****  ******************************************************************************
  11:Core/Src/syscalls.c ****  * @attention
  12:Core/Src/syscalls.c ****  *
  13:Core/Src/syscalls.c ****  * Copyright (c) 2021 STMicroelectronics.
  14:Core/Src/syscalls.c ****  * All rights reserved.
  15:Core/Src/syscalls.c ****  *
  16:Core/Src/syscalls.c ****  * This software is licensed under terms that can be found in the LICENSE file
  17:Core/Src/syscalls.c ****  * in the root directory of this software component.
  18:Core/Src/syscalls.c ****  * If no LICENSE file comes with this software, it is provided AS-IS.
  19:Core/Src/syscalls.c ****  *
  20:Core/Src/syscalls.c ****  ******************************************************************************
  21:Core/Src/syscalls.c ****  */
  22:Core/Src/syscalls.c **** 
  23:Core/Src/syscalls.c **** /* Includes */
  24:Core/Src/syscalls.c **** #include <sys/stat.h>
  25:Core/Src/syscalls.c **** #include <stdlib.h>
  26:Core/Src/syscalls.c **** #include <errno.h>
  27:Core/Src/syscalls.c **** #include <stdio.h>
  28:Core/Src/syscalls.c **** #include <signal.h>
  29:Core/Src/syscalls.c **** #include <time.h>
  30:Core/Src/syscalls.c **** #include <sys/time.h>
  31:Core/Src/syscalls.c **** #include <sys/times.h>
  32:Core/Src/syscalls.c **** 
ARM GAS  /tmp/ccLhiQi8.s 			page 2


  33:Core/Src/syscalls.c **** 
  34:Core/Src/syscalls.c **** /* Variables */
  35:Core/Src/syscalls.c **** extern int __io_putchar(int ch) __attribute__((weak));
  36:Core/Src/syscalls.c **** extern int __io_getchar(void) __attribute__((weak));
  37:Core/Src/syscalls.c **** 
  38:Core/Src/syscalls.c **** 
  39:Core/Src/syscalls.c **** char *__env[1] = { 0 };
  40:Core/Src/syscalls.c **** char **environ = __env;
  41:Core/Src/syscalls.c **** 
  42:Core/Src/syscalls.c **** 
  43:Core/Src/syscalls.c **** /* Functions */
  44:Core/Src/syscalls.c **** void initialise_monitor_handles()
  45:Core/Src/syscalls.c **** {
  27              		.loc 1 45 1 view -0
  28              		.cfi_startproc
  29              		@ Function supports interworking.
  30              		@ args = 0, pretend = 0, frame = 0
  31              		@ frame_needed = 0, uses_anonymous_args = 0
  32              		@ link register save eliminated.
  46:Core/Src/syscalls.c **** }
  33              		.loc 1 46 1 view .LVU1
  34              		@ sp needed
  35 0000 7047     		bx	lr
  36              		.cfi_endproc
  37              	.LFE25:
  39              		.section	.text._getpid,"ax",%progbits
  40              		.align	1
  41              		.global	_getpid
  42              		.syntax unified
  43              		.code	16
  44              		.thumb_func
  45              		.fpu softvfp
  47              	_getpid:
  48              	.LFB26:
  47:Core/Src/syscalls.c **** 
  48:Core/Src/syscalls.c **** int _getpid(void)
  49:Core/Src/syscalls.c **** {
  49              		.loc 1 49 1 view -0
  50              		.cfi_startproc
  51              		@ Function supports interworking.
  52              		@ args = 0, pretend = 0, frame = 0
  53              		@ frame_needed = 0, uses_anonymous_args = 0
  54              		@ link register save eliminated.
  50:Core/Src/syscalls.c **** 	return 1;
  55              		.loc 1 50 2 view .LVU3
  51:Core/Src/syscalls.c **** }
  56              		.loc 1 51 1 is_stmt 0 view .LVU4
  57 0000 0120     		movs	r0, #1
  58              		@ sp needed
  59 0002 7047     		bx	lr
  60              		.cfi_endproc
  61              	.LFE26:
  63              		.section	.text._kill,"ax",%progbits
  64              		.align	1
  65              		.global	_kill
  66              		.syntax unified
  67              		.code	16
ARM GAS  /tmp/ccLhiQi8.s 			page 3


  68              		.thumb_func
  69              		.fpu softvfp
  71              	_kill:
  72              	.LVL0:
  73              	.LFB27:
  52:Core/Src/syscalls.c **** 
  53:Core/Src/syscalls.c **** int _kill(int pid, int sig)
  54:Core/Src/syscalls.c **** {
  74              		.loc 1 54 1 is_stmt 1 view -0
  75              		.cfi_startproc
  76              		@ Function supports interworking.
  77              		@ args = 0, pretend = 0, frame = 0
  78              		@ frame_needed = 0, uses_anonymous_args = 0
  79              		.loc 1 54 1 is_stmt 0 view .LVU6
  80 0000 10B5     		push	{r4, lr}
  81              	.LCFI0:
  82              		.cfi_def_cfa_offset 8
  83              		.cfi_offset 4, -8
  84              		.cfi_offset 14, -4
  55:Core/Src/syscalls.c **** 	errno = EINVAL;
  85              		.loc 1 55 2 is_stmt 1 view .LVU7
  86 0002 FFF7FEFF 		bl	__errno
  87              	.LVL1:
  88              		.loc 1 55 8 is_stmt 0 view .LVU8
  89 0006 1623     		movs	r3, #22
  90 0008 0360     		str	r3, [r0]
  56:Core/Src/syscalls.c **** 	return -1;
  91              		.loc 1 56 2 is_stmt 1 view .LVU9
  92              		.loc 1 56 9 is_stmt 0 view .LVU10
  93 000a 0120     		movs	r0, #1
  57:Core/Src/syscalls.c **** }
  94              		.loc 1 57 1 view .LVU11
  95 000c 4042     		rsbs	r0, r0, #0
  96              		@ sp needed
  97 000e 10BC     		pop	{r4}
  98 0010 02BC     		pop	{r1}
  99 0012 0847     		bx	r1
 100              		.cfi_endproc
 101              	.LFE27:
 103              		.section	.text._exit,"ax",%progbits
 104              		.align	1
 105              		.global	_exit
 106              		.syntax unified
 107              		.code	16
 108              		.thumb_func
 109              		.fpu softvfp
 111              	_exit:
 112              	.LVL2:
 113              	.LFB28:
  58:Core/Src/syscalls.c **** 
  59:Core/Src/syscalls.c **** void _exit (int status)
  60:Core/Src/syscalls.c **** {
 114              		.loc 1 60 1 is_stmt 1 view -0
 115              		.cfi_startproc
 116              		@ Function supports interworking.
 117              		@ Volatile: function does not return.
 118              		@ args = 0, pretend = 0, frame = 0
ARM GAS  /tmp/ccLhiQi8.s 			page 4


 119              		@ frame_needed = 0, uses_anonymous_args = 0
 120              		.loc 1 60 1 is_stmt 0 view .LVU13
 121 0000 10B5     		push	{r4, lr}
 122              	.LCFI1:
 123              		.cfi_def_cfa_offset 8
 124              		.cfi_offset 4, -8
 125              		.cfi_offset 14, -4
  61:Core/Src/syscalls.c **** 	_kill(status, -1);
 126              		.loc 1 61 2 is_stmt 1 view .LVU14
 127 0002 0121     		movs	r1, #1
 128 0004 4942     		rsbs	r1, r1, #0
 129 0006 FFF7FEFF 		bl	_kill
 130              	.LVL3:
 131              	.L5:
  62:Core/Src/syscalls.c **** 	while (1) {}		/* Make sure we hang here */
 132              		.loc 1 62 2 discriminator 1 view .LVU15
 133              		.loc 1 62 13 discriminator 1 view .LVU16
 134              		.loc 1 62 8 discriminator 1 view .LVU17
 135 000a FEE7     		b	.L5
 136              		.cfi_endproc
 137              	.LFE28:
 139              		.section	.text._read,"ax",%progbits
 140              		.align	1
 141              		.weak	_read
 142              		.syntax unified
 143              		.code	16
 144              		.thumb_func
 145              		.fpu softvfp
 147              	_read:
 148              	.LVL4:
 149              	.LFB29:
  63:Core/Src/syscalls.c **** }
  64:Core/Src/syscalls.c **** 
  65:Core/Src/syscalls.c **** __attribute__((weak)) int _read(int file, char *ptr, int len)
  66:Core/Src/syscalls.c **** {
 150              		.loc 1 66 1 view -0
 151              		.cfi_startproc
 152              		@ Function supports interworking.
 153              		@ args = 0, pretend = 0, frame = 0
 154              		@ frame_needed = 0, uses_anonymous_args = 0
 155              		.loc 1 66 1 is_stmt 0 view .LVU19
 156 0000 70B5     		push	{r4, r5, r6, lr}
 157              	.LCFI2:
 158              		.cfi_def_cfa_offset 16
 159              		.cfi_offset 4, -16
 160              		.cfi_offset 5, -12
 161              		.cfi_offset 6, -8
 162              		.cfi_offset 14, -4
 163 0002 0C00     		movs	r4, r1
 164 0004 1600     		movs	r6, r2
  67:Core/Src/syscalls.c **** 	int DataIdx;
 165              		.loc 1 67 2 is_stmt 1 view .LVU20
  68:Core/Src/syscalls.c **** 
  69:Core/Src/syscalls.c **** 	for (DataIdx = 0; DataIdx < len; DataIdx++)
 166              		.loc 1 69 2 view .LVU21
 167              	.LVL5:
 168              		.loc 1 69 15 is_stmt 0 view .LVU22
ARM GAS  /tmp/ccLhiQi8.s 			page 5


 169 0006 0025     		movs	r5, #0
 170              		.loc 1 69 2 view .LVU23
 171 0008 04E0     		b	.L7
 172              	.LVL6:
 173              	.L8:
  70:Core/Src/syscalls.c **** 	{
  71:Core/Src/syscalls.c **** 		*ptr++ = __io_getchar();
 174              		.loc 1 71 3 is_stmt 1 discriminator 3 view .LVU24
 175              		.loc 1 71 12 is_stmt 0 discriminator 3 view .LVU25
 176 000a FFF7FEFF 		bl	__io_getchar
 177              	.LVL7:
 178              		.loc 1 71 10 discriminator 3 view .LVU26
 179 000e 2070     		strb	r0, [r4]
  69:Core/Src/syscalls.c **** 	{
 180              		.loc 1 69 42 is_stmt 1 discriminator 3 view .LVU27
 181 0010 0135     		adds	r5, r5, #1
 182              	.LVL8:
 183              		.loc 1 71 7 is_stmt 0 discriminator 3 view .LVU28
 184 0012 0134     		adds	r4, r4, #1
 185              	.LVL9:
 186              	.L7:
  69:Core/Src/syscalls.c **** 	{
 187              		.loc 1 69 28 is_stmt 1 discriminator 1 view .LVU29
 188 0014 B542     		cmp	r5, r6
 189 0016 F8DB     		blt	.L8
  72:Core/Src/syscalls.c **** 	}
  73:Core/Src/syscalls.c **** 
  74:Core/Src/syscalls.c **** return len;
 190              		.loc 1 74 1 view .LVU30
  75:Core/Src/syscalls.c **** }
 191              		.loc 1 75 1 is_stmt 0 view .LVU31
 192 0018 3000     		movs	r0, r6
 193              		@ sp needed
 194              	.LVL10:
 195              	.LVL11:
 196              	.LVL12:
 197              		.loc 1 75 1 view .LVU32
 198 001a 70BC     		pop	{r4, r5, r6}
 199 001c 02BC     		pop	{r1}
 200 001e 0847     		bx	r1
 201              		.cfi_endproc
 202              	.LFE29:
 204              		.section	.text._write,"ax",%progbits
 205              		.align	1
 206              		.weak	_write
 207              		.syntax unified
 208              		.code	16
 209              		.thumb_func
 210              		.fpu softvfp
 212              	_write:
 213              	.LVL13:
 214              	.LFB30:
  76:Core/Src/syscalls.c **** 
  77:Core/Src/syscalls.c **** __attribute__((weak)) int _write(int file, char *ptr, int len)
  78:Core/Src/syscalls.c **** {
 215              		.loc 1 78 1 is_stmt 1 view -0
 216              		.cfi_startproc
ARM GAS  /tmp/ccLhiQi8.s 			page 6


 217              		@ Function supports interworking.
 218              		@ args = 0, pretend = 0, frame = 0
 219              		@ frame_needed = 0, uses_anonymous_args = 0
 220              		.loc 1 78 1 is_stmt 0 view .LVU34
 221 0000 70B5     		push	{r4, r5, r6, lr}
 222              	.LCFI3:
 223              		.cfi_def_cfa_offset 16
 224              		.cfi_offset 4, -16
 225              		.cfi_offset 5, -12
 226              		.cfi_offset 6, -8
 227              		.cfi_offset 14, -4
 228 0002 1600     		movs	r6, r2
  79:Core/Src/syscalls.c **** 	int DataIdx;
 229              		.loc 1 79 2 is_stmt 1 view .LVU35
  80:Core/Src/syscalls.c **** 
  81:Core/Src/syscalls.c **** 	for (DataIdx = 0; DataIdx < len; DataIdx++)
 230              		.loc 1 81 2 view .LVU36
 231              	.LVL14:
 232              		.loc 1 81 15 is_stmt 0 view .LVU37
 233 0004 0024     		movs	r4, #0
 234              		.loc 1 81 2 view .LVU38
 235 0006 05E0     		b	.L10
 236              	.LVL15:
 237              	.L11:
  82:Core/Src/syscalls.c **** 	{
  83:Core/Src/syscalls.c **** 		__io_putchar(*ptr++);
 238              		.loc 1 83 3 is_stmt 1 discriminator 3 view .LVU39
 239              		.loc 1 83 20 is_stmt 0 discriminator 3 view .LVU40
 240 0008 4D1C     		adds	r5, r1, #1
 241              	.LVL16:
 242              		.loc 1 83 16 discriminator 3 view .LVU41
 243 000a 0878     		ldrb	r0, [r1]
 244              		.loc 1 83 3 discriminator 3 view .LVU42
 245 000c FFF7FEFF 		bl	__io_putchar
 246              	.LVL17:
  81:Core/Src/syscalls.c **** 	{
 247              		.loc 1 81 42 is_stmt 1 discriminator 3 view .LVU43
 248 0010 0134     		adds	r4, r4, #1
 249              	.LVL18:
 250              		.loc 1 83 20 is_stmt 0 discriminator 3 view .LVU44
 251 0012 2900     		movs	r1, r5
 252              	.LVL19:
 253              	.L10:
  81:Core/Src/syscalls.c **** 	{
 254              		.loc 1 81 28 is_stmt 1 discriminator 1 view .LVU45
 255 0014 B442     		cmp	r4, r6
 256 0016 F7DB     		blt	.L11
  84:Core/Src/syscalls.c **** 	}
  85:Core/Src/syscalls.c **** 	return len;
 257              		.loc 1 85 2 view .LVU46
  86:Core/Src/syscalls.c **** }
 258              		.loc 1 86 1 is_stmt 0 view .LVU47
 259 0018 3000     		movs	r0, r6
 260              		@ sp needed
 261              	.LVL20:
 262              	.LVL21:
 263              		.loc 1 86 1 view .LVU48
ARM GAS  /tmp/ccLhiQi8.s 			page 7


 264 001a 70BC     		pop	{r4, r5, r6}
 265 001c 02BC     		pop	{r1}
 266 001e 0847     		bx	r1
 267              		.cfi_endproc
 268              	.LFE30:
 270              		.section	.text._close,"ax",%progbits
 271              		.align	1
 272              		.global	_close
 273              		.syntax unified
 274              		.code	16
 275              		.thumb_func
 276              		.fpu softvfp
 278              	_close:
 279              	.LVL22:
 280              	.LFB31:
  87:Core/Src/syscalls.c **** 
  88:Core/Src/syscalls.c **** int _close(int file)
  89:Core/Src/syscalls.c **** {
 281              		.loc 1 89 1 is_stmt 1 view -0
 282              		.cfi_startproc
 283              		@ Function supports interworking.
 284              		@ args = 0, pretend = 0, frame = 0
 285              		@ frame_needed = 0, uses_anonymous_args = 0
 286              		@ link register save eliminated.
  90:Core/Src/syscalls.c **** 	return -1;
 287              		.loc 1 90 2 view .LVU50
 288              		.loc 1 90 9 is_stmt 0 view .LVU51
 289 0000 0120     		movs	r0, #1
 290              	.LVL23:
  91:Core/Src/syscalls.c **** }
 291              		.loc 1 91 1 view .LVU52
 292 0002 4042     		rsbs	r0, r0, #0
 293              		@ sp needed
 294 0004 7047     		bx	lr
 295              		.cfi_endproc
 296              	.LFE31:
 298              		.section	.text._fstat,"ax",%progbits
 299              		.align	1
 300              		.global	_fstat
 301              		.syntax unified
 302              		.code	16
 303              		.thumb_func
 304              		.fpu softvfp
 306              	_fstat:
 307              	.LVL24:
 308              	.LFB32:
  92:Core/Src/syscalls.c **** 
  93:Core/Src/syscalls.c **** 
  94:Core/Src/syscalls.c **** int _fstat(int file, struct stat *st)
  95:Core/Src/syscalls.c **** {
 309              		.loc 1 95 1 is_stmt 1 view -0
 310              		.cfi_startproc
 311              		@ Function supports interworking.
 312              		@ args = 0, pretend = 0, frame = 0
 313              		@ frame_needed = 0, uses_anonymous_args = 0
 314              		@ link register save eliminated.
  96:Core/Src/syscalls.c **** 	st->st_mode = S_IFCHR;
ARM GAS  /tmp/ccLhiQi8.s 			page 8


 315              		.loc 1 96 2 view .LVU54
 316              		.loc 1 96 14 is_stmt 0 view .LVU55
 317 0000 8023     		movs	r3, #128
 318 0002 9B01     		lsls	r3, r3, #6
 319 0004 4B60     		str	r3, [r1, #4]
  97:Core/Src/syscalls.c **** 	return 0;
 320              		.loc 1 97 2 is_stmt 1 view .LVU56
  98:Core/Src/syscalls.c **** }
 321              		.loc 1 98 1 is_stmt 0 view .LVU57
 322 0006 0020     		movs	r0, #0
 323              	.LVL25:
 324              		.loc 1 98 1 view .LVU58
 325              		@ sp needed
 326 0008 7047     		bx	lr
 327              		.cfi_endproc
 328              	.LFE32:
 330              		.section	.text._isatty,"ax",%progbits
 331              		.align	1
 332              		.global	_isatty
 333              		.syntax unified
 334              		.code	16
 335              		.thumb_func
 336              		.fpu softvfp
 338              	_isatty:
 339              	.LVL26:
 340              	.LFB33:
  99:Core/Src/syscalls.c **** 
 100:Core/Src/syscalls.c **** int _isatty(int file)
 101:Core/Src/syscalls.c **** {
 341              		.loc 1 101 1 is_stmt 1 view -0
 342              		.cfi_startproc
 343              		@ Function supports interworking.
 344              		@ args = 0, pretend = 0, frame = 0
 345              		@ frame_needed = 0, uses_anonymous_args = 0
 346              		@ link register save eliminated.
 102:Core/Src/syscalls.c **** 	return 1;
 347              		.loc 1 102 2 view .LVU60
 103:Core/Src/syscalls.c **** }
 348              		.loc 1 103 1 is_stmt 0 view .LVU61
 349 0000 0120     		movs	r0, #1
 350              	.LVL27:
 351              		.loc 1 103 1 view .LVU62
 352              		@ sp needed
 353 0002 7047     		bx	lr
 354              		.cfi_endproc
 355              	.LFE33:
 357              		.section	.text._lseek,"ax",%progbits
 358              		.align	1
 359              		.global	_lseek
 360              		.syntax unified
 361              		.code	16
 362              		.thumb_func
 363              		.fpu softvfp
 365              	_lseek:
 366              	.LVL28:
 367              	.LFB34:
 104:Core/Src/syscalls.c **** 
ARM GAS  /tmp/ccLhiQi8.s 			page 9


 105:Core/Src/syscalls.c **** int _lseek(int file, int ptr, int dir)
 106:Core/Src/syscalls.c **** {
 368              		.loc 1 106 1 is_stmt 1 view -0
 369              		.cfi_startproc
 370              		@ Function supports interworking.
 371              		@ args = 0, pretend = 0, frame = 0
 372              		@ frame_needed = 0, uses_anonymous_args = 0
 373              		@ link register save eliminated.
 107:Core/Src/syscalls.c **** 	return 0;
 374              		.loc 1 107 2 view .LVU64
 108:Core/Src/syscalls.c **** }
 375              		.loc 1 108 1 is_stmt 0 view .LVU65
 376 0000 0020     		movs	r0, #0
 377              	.LVL29:
 378              		.loc 1 108 1 view .LVU66
 379              		@ sp needed
 380 0002 7047     		bx	lr
 381              		.cfi_endproc
 382              	.LFE34:
 384              		.section	.text._open,"ax",%progbits
 385              		.align	1
 386              		.global	_open
 387              		.syntax unified
 388              		.code	16
 389              		.thumb_func
 390              		.fpu softvfp
 392              	_open:
 393              	.LVL30:
 394              	.LFB35:
 109:Core/Src/syscalls.c **** 
 110:Core/Src/syscalls.c **** int _open(char *path, int flags, ...)
 111:Core/Src/syscalls.c **** {
 395              		.loc 1 111 1 is_stmt 1 view -0
 396              		.cfi_startproc
 397              		@ Function supports interworking.
 398              		@ args = 4, pretend = 12, frame = 0
 399              		@ frame_needed = 0, uses_anonymous_args = 1
 400              		@ link register save eliminated.
 401              		.loc 1 111 1 is_stmt 0 view .LVU68
 402 0000 0EB4     		push	{r1, r2, r3}
 403              	.LCFI4:
 404              		.cfi_def_cfa_offset 12
 112:Core/Src/syscalls.c **** 	/* Pretend like we always fail */
 113:Core/Src/syscalls.c **** 	return -1;
 405              		.loc 1 113 2 is_stmt 1 view .LVU69
 406              		.loc 1 113 9 is_stmt 0 view .LVU70
 407 0002 0120     		movs	r0, #1
 408              	.LVL31:
 114:Core/Src/syscalls.c **** }
 409              		.loc 1 114 1 view .LVU71
 410 0004 4042     		rsbs	r0, r0, #0
 411              		@ sp needed
 412 0006 03B0     		add	sp, sp, #12
 413 0008 7047     		bx	lr
 414              		.cfi_endproc
 415              	.LFE35:
 417              		.section	.text._wait,"ax",%progbits
ARM GAS  /tmp/ccLhiQi8.s 			page 10


 418              		.align	1
 419              		.global	_wait
 420              		.syntax unified
 421              		.code	16
 422              		.thumb_func
 423              		.fpu softvfp
 425              	_wait:
 426              	.LVL32:
 427              	.LFB36:
 115:Core/Src/syscalls.c **** 
 116:Core/Src/syscalls.c **** int _wait(int *status)
 117:Core/Src/syscalls.c **** {
 428              		.loc 1 117 1 is_stmt 1 view -0
 429              		.cfi_startproc
 430              		@ Function supports interworking.
 431              		@ args = 0, pretend = 0, frame = 0
 432              		@ frame_needed = 0, uses_anonymous_args = 0
 433              		.loc 1 117 1 is_stmt 0 view .LVU73
 434 0000 10B5     		push	{r4, lr}
 435              	.LCFI5:
 436              		.cfi_def_cfa_offset 8
 437              		.cfi_offset 4, -8
 438              		.cfi_offset 14, -4
 118:Core/Src/syscalls.c **** 	errno = ECHILD;
 439              		.loc 1 118 2 is_stmt 1 view .LVU74
 440 0002 FFF7FEFF 		bl	__errno
 441              	.LVL33:
 442              		.loc 1 118 8 is_stmt 0 view .LVU75
 443 0006 0A23     		movs	r3, #10
 444 0008 0360     		str	r3, [r0]
 119:Core/Src/syscalls.c **** 	return -1;
 445              		.loc 1 119 2 is_stmt 1 view .LVU76
 446              		.loc 1 119 9 is_stmt 0 view .LVU77
 447 000a 0120     		movs	r0, #1
 120:Core/Src/syscalls.c **** }
 448              		.loc 1 120 1 view .LVU78
 449 000c 4042     		rsbs	r0, r0, #0
 450              		@ sp needed
 451 000e 10BC     		pop	{r4}
 452 0010 02BC     		pop	{r1}
 453 0012 0847     		bx	r1
 454              		.cfi_endproc
 455              	.LFE36:
 457              		.section	.text._unlink,"ax",%progbits
 458              		.align	1
 459              		.global	_unlink
 460              		.syntax unified
 461              		.code	16
 462              		.thumb_func
 463              		.fpu softvfp
 465              	_unlink:
 466              	.LVL34:
 467              	.LFB37:
 121:Core/Src/syscalls.c **** 
 122:Core/Src/syscalls.c **** int _unlink(char *name)
 123:Core/Src/syscalls.c **** {
 468              		.loc 1 123 1 is_stmt 1 view -0
ARM GAS  /tmp/ccLhiQi8.s 			page 11


 469              		.cfi_startproc
 470              		@ Function supports interworking.
 471              		@ args = 0, pretend = 0, frame = 0
 472              		@ frame_needed = 0, uses_anonymous_args = 0
 473              		.loc 1 123 1 is_stmt 0 view .LVU80
 474 0000 10B5     		push	{r4, lr}
 475              	.LCFI6:
 476              		.cfi_def_cfa_offset 8
 477              		.cfi_offset 4, -8
 478              		.cfi_offset 14, -4
 124:Core/Src/syscalls.c **** 	errno = ENOENT;
 479              		.loc 1 124 2 is_stmt 1 view .LVU81
 480 0002 FFF7FEFF 		bl	__errno
 481              	.LVL35:
 482              		.loc 1 124 8 is_stmt 0 view .LVU82
 483 0006 0223     		movs	r3, #2
 484 0008 0360     		str	r3, [r0]
 125:Core/Src/syscalls.c **** 	return -1;
 485              		.loc 1 125 2 is_stmt 1 view .LVU83
 486              		.loc 1 125 9 is_stmt 0 view .LVU84
 487 000a 0120     		movs	r0, #1
 126:Core/Src/syscalls.c **** }
 488              		.loc 1 126 1 view .LVU85
 489 000c 4042     		rsbs	r0, r0, #0
 490              		@ sp needed
 491 000e 10BC     		pop	{r4}
 492 0010 02BC     		pop	{r1}
 493 0012 0847     		bx	r1
 494              		.cfi_endproc
 495              	.LFE37:
 497              		.section	.text._times,"ax",%progbits
 498              		.align	1
 499              		.global	_times
 500              		.syntax unified
 501              		.code	16
 502              		.thumb_func
 503              		.fpu softvfp
 505              	_times:
 506              	.LVL36:
 507              	.LFB38:
 127:Core/Src/syscalls.c **** 
 128:Core/Src/syscalls.c **** int _times(struct tms *buf)
 129:Core/Src/syscalls.c **** {
 508              		.loc 1 129 1 is_stmt 1 view -0
 509              		.cfi_startproc
 510              		@ Function supports interworking.
 511              		@ args = 0, pretend = 0, frame = 0
 512              		@ frame_needed = 0, uses_anonymous_args = 0
 513              		@ link register save eliminated.
 130:Core/Src/syscalls.c **** 	return -1;
 514              		.loc 1 130 2 view .LVU87
 515              		.loc 1 130 9 is_stmt 0 view .LVU88
 516 0000 0120     		movs	r0, #1
 517              	.LVL37:
 131:Core/Src/syscalls.c **** }
 518              		.loc 1 131 1 view .LVU89
 519 0002 4042     		rsbs	r0, r0, #0
ARM GAS  /tmp/ccLhiQi8.s 			page 12


 520              		@ sp needed
 521 0004 7047     		bx	lr
 522              		.cfi_endproc
 523              	.LFE38:
 525              		.section	.text._stat,"ax",%progbits
 526              		.align	1
 527              		.global	_stat
 528              		.syntax unified
 529              		.code	16
 530              		.thumb_func
 531              		.fpu softvfp
 533              	_stat:
 534              	.LVL38:
 535              	.LFB39:
 132:Core/Src/syscalls.c **** 
 133:Core/Src/syscalls.c **** int _stat(char *file, struct stat *st)
 134:Core/Src/syscalls.c **** {
 536              		.loc 1 134 1 is_stmt 1 view -0
 537              		.cfi_startproc
 538              		@ Function supports interworking.
 539              		@ args = 0, pretend = 0, frame = 0
 540              		@ frame_needed = 0, uses_anonymous_args = 0
 541              		@ link register save eliminated.
 135:Core/Src/syscalls.c **** 	st->st_mode = S_IFCHR;
 542              		.loc 1 135 2 view .LVU91
 543              		.loc 1 135 14 is_stmt 0 view .LVU92
 544 0000 8023     		movs	r3, #128
 545 0002 9B01     		lsls	r3, r3, #6
 546 0004 4B60     		str	r3, [r1, #4]
 136:Core/Src/syscalls.c **** 	return 0;
 547              		.loc 1 136 2 is_stmt 1 view .LVU93
 137:Core/Src/syscalls.c **** }
 548              		.loc 1 137 1 is_stmt 0 view .LVU94
 549 0006 0020     		movs	r0, #0
 550              	.LVL39:
 551              		.loc 1 137 1 view .LVU95
 552              		@ sp needed
 553 0008 7047     		bx	lr
 554              		.cfi_endproc
 555              	.LFE39:
 557              		.section	.text._link,"ax",%progbits
 558              		.align	1
 559              		.global	_link
 560              		.syntax unified
 561              		.code	16
 562              		.thumb_func
 563              		.fpu softvfp
 565              	_link:
 566              	.LVL40:
 567              	.LFB40:
 138:Core/Src/syscalls.c **** 
 139:Core/Src/syscalls.c **** int _link(char *old, char *new)
 140:Core/Src/syscalls.c **** {
 568              		.loc 1 140 1 is_stmt 1 view -0
 569              		.cfi_startproc
 570              		@ Function supports interworking.
 571              		@ args = 0, pretend = 0, frame = 0
ARM GAS  /tmp/ccLhiQi8.s 			page 13


 572              		@ frame_needed = 0, uses_anonymous_args = 0
 573              		.loc 1 140 1 is_stmt 0 view .LVU97
 574 0000 10B5     		push	{r4, lr}
 575              	.LCFI7:
 576              		.cfi_def_cfa_offset 8
 577              		.cfi_offset 4, -8
 578              		.cfi_offset 14, -4
 141:Core/Src/syscalls.c **** 	errno = EMLINK;
 579              		.loc 1 141 2 is_stmt 1 view .LVU98
 580 0002 FFF7FEFF 		bl	__errno
 581              	.LVL41:
 582              		.loc 1 141 8 is_stmt 0 view .LVU99
 583 0006 1F23     		movs	r3, #31
 584 0008 0360     		str	r3, [r0]
 142:Core/Src/syscalls.c **** 	return -1;
 585              		.loc 1 142 2 is_stmt 1 view .LVU100
 586              		.loc 1 142 9 is_stmt 0 view .LVU101
 587 000a 0120     		movs	r0, #1
 143:Core/Src/syscalls.c **** }
 588              		.loc 1 143 1 view .LVU102
 589 000c 4042     		rsbs	r0, r0, #0
 590              		@ sp needed
 591 000e 10BC     		pop	{r4}
 592 0010 02BC     		pop	{r1}
 593 0012 0847     		bx	r1
 594              		.cfi_endproc
 595              	.LFE40:
 597              		.section	.text._fork,"ax",%progbits
 598              		.align	1
 599              		.global	_fork
 600              		.syntax unified
 601              		.code	16
 602              		.thumb_func
 603              		.fpu softvfp
 605              	_fork:
 606              	.LFB41:
 144:Core/Src/syscalls.c **** 
 145:Core/Src/syscalls.c **** int _fork(void)
 146:Core/Src/syscalls.c **** {
 607              		.loc 1 146 1 is_stmt 1 view -0
 608              		.cfi_startproc
 609              		@ Function supports interworking.
 610              		@ args = 0, pretend = 0, frame = 0
 611              		@ frame_needed = 0, uses_anonymous_args = 0
 612 0000 10B5     		push	{r4, lr}
 613              	.LCFI8:
 614              		.cfi_def_cfa_offset 8
 615              		.cfi_offset 4, -8
 616              		.cfi_offset 14, -4
 147:Core/Src/syscalls.c **** 	errno = EAGAIN;
 617              		.loc 1 147 2 view .LVU104
 618 0002 FFF7FEFF 		bl	__errno
 619              	.LVL42:
 620              		.loc 1 147 8 is_stmt 0 view .LVU105
 621 0006 0B23     		movs	r3, #11
 622 0008 0360     		str	r3, [r0]
 148:Core/Src/syscalls.c **** 	return -1;
ARM GAS  /tmp/ccLhiQi8.s 			page 14


 623              		.loc 1 148 2 is_stmt 1 view .LVU106
 624              		.loc 1 148 9 is_stmt 0 view .LVU107
 625 000a 0120     		movs	r0, #1
 149:Core/Src/syscalls.c **** }
 626              		.loc 1 149 1 view .LVU108
 627 000c 4042     		rsbs	r0, r0, #0
 628              		@ sp needed
 629 000e 10BC     		pop	{r4}
 630 0010 02BC     		pop	{r1}
 631 0012 0847     		bx	r1
 632              		.cfi_endproc
 633              	.LFE41:
 635              		.section	.text._execve,"ax",%progbits
 636              		.align	1
 637              		.global	_execve
 638              		.syntax unified
 639              		.code	16
 640              		.thumb_func
 641              		.fpu softvfp
 643              	_execve:
 644              	.LVL43:
 645              	.LFB42:
 150:Core/Src/syscalls.c **** 
 151:Core/Src/syscalls.c **** int _execve(char *name, char **argv, char **env)
 152:Core/Src/syscalls.c **** {
 646              		.loc 1 152 1 is_stmt 1 view -0
 647              		.cfi_startproc
 648              		@ Function supports interworking.
 649              		@ args = 0, pretend = 0, frame = 0
 650              		@ frame_needed = 0, uses_anonymous_args = 0
 651              		.loc 1 152 1 is_stmt 0 view .LVU110
 652 0000 10B5     		push	{r4, lr}
 653              	.LCFI9:
 654              		.cfi_def_cfa_offset 8
 655              		.cfi_offset 4, -8
 656              		.cfi_offset 14, -4
 153:Core/Src/syscalls.c **** 	errno = ENOMEM;
 657              		.loc 1 153 2 is_stmt 1 view .LVU111
 658 0002 FFF7FEFF 		bl	__errno
 659              	.LVL44:
 660              		.loc 1 153 8 is_stmt 0 view .LVU112
 661 0006 0C23     		movs	r3, #12
 662 0008 0360     		str	r3, [r0]
 154:Core/Src/syscalls.c **** 	return -1;
 663              		.loc 1 154 2 is_stmt 1 view .LVU113
 664              		.loc 1 154 9 is_stmt 0 view .LVU114
 665 000a 0120     		movs	r0, #1
 155:Core/Src/syscalls.c **** }
 666              		.loc 1 155 1 view .LVU115
 667 000c 4042     		rsbs	r0, r0, #0
 668              		@ sp needed
 669 000e 10BC     		pop	{r4}
 670 0010 02BC     		pop	{r1}
 671 0012 0847     		bx	r1
 672              		.cfi_endproc
 673              	.LFE42:
 675              		.global	environ
ARM GAS  /tmp/ccLhiQi8.s 			page 15


 676              		.global	__env
 677              		.section	.bss.__env,"aw",%nobits
 678              		.align	2
 681              	__env:
 682 0000 00000000 		.space	4
 683              		.section	.data.environ,"aw"
 684              		.align	2
 687              	environ:
 688 0000 00000000 		.word	__env
 689              		.weak	__io_putchar
 690              		.weak	__io_getchar
 691              		.text
 692              	.Letext0:
 693              		.file 2 "/usr/arm-none-eabi/include/machine/_default_types.h"
 694              		.file 3 "/usr/arm-none-eabi/include/sys/_types.h"
 695              		.file 4 "/usr/arm-none-eabi/include/sys/_timeval.h"
 696              		.file 5 "/usr/arm-none-eabi/include/sys/_timespec.h"
 697              		.file 6 "/usr/arm-none-eabi/include/sys/types.h"
 698              		.file 7 "/usr/arm-none-eabi/include/sys/stat.h"
 699              		.file 8 "/usr/arm-none-eabi/include/sys/times.h"
 700              		.file 9 "/usr/arm-none-eabi/include/sys/errno.h"
ARM GAS  /tmp/ccLhiQi8.s 			page 16


DEFINED SYMBOLS
                            *ABS*:0000000000000000 syscalls.c
     /tmp/ccLhiQi8.s:24     .text.initialise_monitor_handles:0000000000000000 initialise_monitor_handles
     /tmp/ccLhiQi8.s:35     .text.initialise_monitor_handles:0000000000000000 $t
     /tmp/ccLhiQi8.s:40     .text._getpid:0000000000000000 $t
     /tmp/ccLhiQi8.s:47     .text._getpid:0000000000000000 _getpid
     /tmp/ccLhiQi8.s:64     .text._kill:0000000000000000 $t
     /tmp/ccLhiQi8.s:71     .text._kill:0000000000000000 _kill
     /tmp/ccLhiQi8.s:104    .text._exit:0000000000000000 $t
     /tmp/ccLhiQi8.s:111    .text._exit:0000000000000000 _exit
     /tmp/ccLhiQi8.s:140    .text._read:0000000000000000 $t
     /tmp/ccLhiQi8.s:147    .text._read:0000000000000000 _read
     /tmp/ccLhiQi8.s:205    .text._write:0000000000000000 $t
     /tmp/ccLhiQi8.s:212    .text._write:0000000000000000 _write
     /tmp/ccLhiQi8.s:271    .text._close:0000000000000000 $t
     /tmp/ccLhiQi8.s:278    .text._close:0000000000000000 _close
     /tmp/ccLhiQi8.s:299    .text._fstat:0000000000000000 $t
     /tmp/ccLhiQi8.s:306    .text._fstat:0000000000000000 _fstat
     /tmp/ccLhiQi8.s:331    .text._isatty:0000000000000000 $t
     /tmp/ccLhiQi8.s:338    .text._isatty:0000000000000000 _isatty
     /tmp/ccLhiQi8.s:358    .text._lseek:0000000000000000 $t
     /tmp/ccLhiQi8.s:365    .text._lseek:0000000000000000 _lseek
     /tmp/ccLhiQi8.s:385    .text._open:0000000000000000 $t
     /tmp/ccLhiQi8.s:392    .text._open:0000000000000000 _open
     /tmp/ccLhiQi8.s:418    .text._wait:0000000000000000 $t
     /tmp/ccLhiQi8.s:425    .text._wait:0000000000000000 _wait
     /tmp/ccLhiQi8.s:458    .text._unlink:0000000000000000 $t
     /tmp/ccLhiQi8.s:465    .text._unlink:0000000000000000 _unlink
     /tmp/ccLhiQi8.s:498    .text._times:0000000000000000 $t
     /tmp/ccLhiQi8.s:505    .text._times:0000000000000000 _times
     /tmp/ccLhiQi8.s:526    .text._stat:0000000000000000 $t
     /tmp/ccLhiQi8.s:533    .text._stat:0000000000000000 _stat
     /tmp/ccLhiQi8.s:558    .text._link:0000000000000000 $t
     /tmp/ccLhiQi8.s:565    .text._link:0000000000000000 _link
     /tmp/ccLhiQi8.s:598    .text._fork:0000000000000000 $t
     /tmp/ccLhiQi8.s:605    .text._fork:0000000000000000 _fork
     /tmp/ccLhiQi8.s:636    .text._execve:0000000000000000 $t
     /tmp/ccLhiQi8.s:643    .text._execve:0000000000000000 _execve
     /tmp/ccLhiQi8.s:687    .data.environ:0000000000000000 environ
     /tmp/ccLhiQi8.s:681    .bss.__env:0000000000000000 __env
     /tmp/ccLhiQi8.s:678    .bss.__env:0000000000000000 $d
     /tmp/ccLhiQi8.s:684    .data.environ:0000000000000000 $d

UNDEFINED SYMBOLS
__errno
__io_getchar
__io_putchar
